Determining if the Q_WS_WIN exist failed with the following output:
Change Dir: /run/build/libkitclient/CMakeFiles/CMakeTmp

Run Build Command:"/usr/bin/make" "cmTC_c10f7/fast"
/usr/bin/make -f CMakeFiles/cmTC_c10f7.dir/build.make CMakeFiles/cmTC_c10f7.dir/build
make[1]: Entering directory '/run/build/libkitclient/CMakeFiles/CMakeTmp'
Building CXX object CMakeFiles/cmTC_c10f7.dir/CheckSymbolExists.cxx.o
/usr/bin/c++   -I/app/include  -pthread    -o CMakeFiles/cmTC_c10f7.dir/CheckSymbolExists.cxx.o -c /run/build/libkitclient/CMakeFiles/CMakeTmp/CheckSymbolExists.cxx
/run/build/libkitclient/CMakeFiles/CMakeTmp/CheckSymbolExists.cxx: In function ‘int main(int, char**)’:
/run/build/libkitclient/CMakeFiles/CMakeTmp/CheckSymbolExists.cxx:8:19: error: ‘Q_WS_WIN’ was not declared in this scope
   return ((int*)(&Q_WS_WIN))[argc];
                   ^~~~~~~~
/run/build/libkitclient/CMakeFiles/CMakeTmp/CheckSymbolExists.cxx:8:19: note: suggested alternative: ‘Q_WS_X11’
   return ((int*)(&Q_WS_WIN))[argc];
                   ^~~~~~~~
                   Q_WS_X11
make[1]: *** [CMakeFiles/cmTC_c10f7.dir/build.make:66: CMakeFiles/cmTC_c10f7.dir/CheckSymbolExists.cxx.o] Error 1
make[1]: Leaving directory '/run/build/libkitclient/CMakeFiles/CMakeTmp'
make: *** [Makefile:121: cmTC_c10f7/fast] Error 2

File /run/build/libkitclient/CMakeFiles/CMakeTmp/CheckSymbolExists.cxx:
/* */
#include <QtCore/qglobal.h>

int main(int argc, char** argv)
{
  (void)argv;
#ifndef Q_WS_WIN
  return ((int*)(&Q_WS_WIN))[argc];
#else
  (void)argc;
  return 0;
#endif
}

Determining if the Q_WS_QWS exist failed with the following output:
Change Dir: /run/build/libkitclient/CMakeFiles/CMakeTmp

Run Build Command:"/usr/bin/make" "cmTC_95b2b/fast"
/usr/bin/make -f CMakeFiles/cmTC_95b2b.dir/build.make CMakeFiles/cmTC_95b2b.dir/build
make[1]: Entering directory '/run/build/libkitclient/CMakeFiles/CMakeTmp'
Building CXX object CMakeFiles/cmTC_95b2b.dir/CheckSymbolExists.cxx.o
/usr/bin/c++   -I/app/include  -pthread    -o CMakeFiles/cmTC_95b2b.dir/CheckSymbolExists.cxx.o -c /run/build/libkitclient/CMakeFiles/CMakeTmp/CheckSymbolExists.cxx
/run/build/libkitclient/CMakeFiles/CMakeTmp/CheckSymbolExists.cxx: In function ‘int main(int, char**)’:
/run/build/libkitclient/CMakeFiles/CMakeTmp/CheckSymbolExists.cxx:8:19: error: ‘Q_WS_QWS’ was not declared in this scope
   return ((int*)(&Q_WS_QWS))[argc];
                   ^~~~~~~~
/run/build/libkitclient/CMakeFiles/CMakeTmp/CheckSymbolExists.cxx:8:19: note: suggested alternative: ‘Q_WS_X11’
   return ((int*)(&Q_WS_QWS))[argc];
                   ^~~~~~~~
                   Q_WS_X11
make[1]: *** [CMakeFiles/cmTC_95b2b.dir/build.make:66: CMakeFiles/cmTC_95b2b.dir/CheckSymbolExists.cxx.o] Error 1
make[1]: Leaving directory '/run/build/libkitclient/CMakeFiles/CMakeTmp'
make: *** [Makefile:121: cmTC_95b2b/fast] Error 2

File /run/build/libkitclient/CMakeFiles/CMakeTmp/CheckSymbolExists.cxx:
/* */
#include <QtCore/qglobal.h>

int main(int argc, char** argv)
{
  (void)argv;
#ifndef Q_WS_QWS
  return ((int*)(&Q_WS_QWS))[argc];
#else
  (void)argc;
  return 0;
#endif
}

Determining if the Q_WS_MAC exist failed with the following output:
Change Dir: /run/build/libkitclient/CMakeFiles/CMakeTmp

Run Build Command:"/usr/bin/make" "cmTC_20d45/fast"
/usr/bin/make -f CMakeFiles/cmTC_20d45.dir/build.make CMakeFiles/cmTC_20d45.dir/build
make[1]: Entering directory '/run/build/libkitclient/CMakeFiles/CMakeTmp'
Building CXX object CMakeFiles/cmTC_20d45.dir/CheckSymbolExists.cxx.o
/usr/bin/c++   -I/app/include  -pthread    -o CMakeFiles/cmTC_20d45.dir/CheckSymbolExists.cxx.o -c /run/build/libkitclient/CMakeFiles/CMakeTmp/CheckSymbolExists.cxx
/run/build/libkitclient/CMakeFiles/CMakeTmp/CheckSymbolExists.cxx: In function ‘int main(int, char**)’:
/run/build/libkitclient/CMakeFiles/CMakeTmp/CheckSymbolExists.cxx:8:19: error: ‘Q_WS_MAC’ was not declared in this scope
   return ((int*)(&Q_WS_MAC))[argc];
                   ^~~~~~~~
/run/build/libkitclient/CMakeFiles/CMakeTmp/CheckSymbolExists.cxx:8:19: note: suggested alternative: ‘Q_WS_X11’
   return ((int*)(&Q_WS_MAC))[argc];
                   ^~~~~~~~
                   Q_WS_X11
make[1]: *** [CMakeFiles/cmTC_20d45.dir/build.make:66: CMakeFiles/cmTC_20d45.dir/CheckSymbolExists.cxx.o] Error 1
make[1]: Leaving directory '/run/build/libkitclient/CMakeFiles/CMakeTmp'
make: *** [Makefile:121: cmTC_20d45/fast] Error 2

File /run/build/libkitclient/CMakeFiles/CMakeTmp/CheckSymbolExists.cxx:
/* */
#include <QtCore/qglobal.h>

int main(int argc, char** argv)
{
  (void)argv;
#ifndef Q_WS_MAC
  return ((int*)(&Q_WS_MAC))[argc];
#else
  (void)argc;
  return 0;
#endif
}

