The system is: Linux - 5.0.9-301.fc30.x86_64 - x86_64
Compiling the C compiler identification source file "CMakeCCompilerId.c" succeeded.
Compiler: /usr/bin/cc 
Build flags: -march=x86-64;-mtune=generic;-O2;-g;-pipe;-Wp,-D_FORTIFY_SOURCE=2;-Wp,-D_GLIBCXX_ASSERTIONS;-fexceptions;-fstack-protector-strong;-grecord-gcc-switches;-fasynchronous-unwind-tables;-fstack-clash-protection;-fcf-protection
Id flags:  

The output was:
0


Compilation of the C compiler identification source "CMakeCCompilerId.c" produced "a.out"

The C compiler identification is GNU, found in "/run/build/pythonqt/CMakeFiles/3.13.4/CompilerIdC/a.out"

Compiling the CXX compiler identification source file "CMakeCXXCompilerId.cpp" succeeded.
Compiler: /usr/bin/c++ 
Build flags: -march=x86-64;-mtune=generic;-O2;-g;-pipe;-Wp,-D_FORTIFY_SOURCE=2;-Wp,-D_GLIBCXX_ASSERTIONS;-fexceptions;-fstack-protector-strong;-grecord-gcc-switches;-fasynchronous-unwind-tables;-fstack-clash-protection;-fcf-protection
Id flags:  

The output was:
0


Compilation of the CXX compiler identification source "CMakeCXXCompilerId.cpp" produced "a.out"

The CXX compiler identification is GNU, found in "/run/build/pythonqt/CMakeFiles/3.13.4/CompilerIdCXX/a.out"

Determining if the C compiler works passed with the following output:
Change Dir: /run/build/pythonqt/CMakeFiles/CMakeTmp

Run Build Command:"/usr/bin/make" "cmTC_38597/fast"
/usr/bin/make -f CMakeFiles/cmTC_38597.dir/build.make CMakeFiles/cmTC_38597.dir/build
make[1]: Entering directory '/run/build/pythonqt/CMakeFiles/CMakeTmp'
Building C object CMakeFiles/cmTC_38597.dir/testCCompiler.c.o
/usr/bin/cc   -march=x86-64 -mtune=generic -O2 -g -pipe -Wp,-D_FORTIFY_SOURCE=2 -Wp,-D_GLIBCXX_ASSERTIONS -fexceptions -fstack-protector-strong -grecord-gcc-switches -fasynchronous-unwind-tables -fstack-clash-protection -fcf-protection    -o CMakeFiles/cmTC_38597.dir/testCCompiler.c.o   -c /run/build/pythonqt/CMakeFiles/CMakeTmp/testCCompiler.c
Linking C executable cmTC_38597
/usr/bin/cmake -E cmake_link_script CMakeFiles/cmTC_38597.dir/link.txt --verbose=1
/usr/bin/cc -march=x86-64 -mtune=generic -O2 -g -pipe -Wp,-D_FORTIFY_SOURCE=2 -Wp,-D_GLIBCXX_ASSERTIONS -fexceptions -fstack-protector-strong -grecord-gcc-switches -fasynchronous-unwind-tables -fstack-clash-protection -fcf-protection   -L/app/lib -Wl,-z,relro,-z,now -Wl,--as-needed  -rdynamic CMakeFiles/cmTC_38597.dir/testCCompiler.c.o  -o cmTC_38597 
make[1]: Leaving directory '/run/build/pythonqt/CMakeFiles/CMakeTmp'


Detecting C compiler ABI info compiled with the following output:
Change Dir: /run/build/pythonqt/CMakeFiles/CMakeTmp

Run Build Command:"/usr/bin/make" "cmTC_164f0/fast"
/usr/bin/make -f CMakeFiles/cmTC_164f0.dir/build.make CMakeFiles/cmTC_164f0.dir/build
make[1]: Entering directory '/run/build/pythonqt/CMakeFiles/CMakeTmp'
Building C object CMakeFiles/cmTC_164f0.dir/CMakeCCompilerABI.c.o
/usr/bin/cc   -march=x86-64 -mtune=generic -O2 -g -pipe -Wp,-D_FORTIFY_SOURCE=2 -Wp,-D_GLIBCXX_ASSERTIONS -fexceptions -fstack-protector-strong -grecord-gcc-switches -fasynchronous-unwind-tables -fstack-clash-protection -fcf-protection    -o CMakeFiles/cmTC_164f0.dir/CMakeCCompilerABI.c.o   -c /usr/share/cmake-3.13/Modules/CMakeCCompilerABI.c
Linking C executable cmTC_164f0
/usr/bin/cmake -E cmake_link_script CMakeFiles/cmTC_164f0.dir/link.txt --verbose=1
/usr/bin/cc -march=x86-64 -mtune=generic -O2 -g -pipe -Wp,-D_FORTIFY_SOURCE=2 -Wp,-D_GLIBCXX_ASSERTIONS -fexceptions -fstack-protector-strong -grecord-gcc-switches -fasynchronous-unwind-tables -fstack-clash-protection -fcf-protection   -L/app/lib -Wl,-z,relro,-z,now -Wl,--as-needed -v -rdynamic CMakeFiles/cmTC_164f0.dir/CMakeCCompilerABI.c.o  -o cmTC_164f0 
Using built-in specs.
COLLECT_GCC=/usr/bin/cc
COLLECT_LTO_WRAPPER=/usr/libexec/gcc/x86_64-unknown-linux-gnu/8.3.0/lto-wrapper
Target: x86_64-unknown-linux-gnu
Configured with: ../configure --prefix=/usr --exec-prefix=/usr --bindir=/usr/bin --sbindir=/usr/bin --sysconfdir=/etc --datadir=/usr/share --includedir=/usr/include --libdir=/usr/lib --libexecdir=/usr/libexec --localstatedir=/var --sharedstatedir=/usr/com --mandir=/usr/share/man --infodir=/usr/share/info --enable-deterministic-archives --enable-shared --build=x86_64-pc-linux-gnu --host=x86_64-unknown-linux-gnu lt_cv_sys_lib_dlsearch_path_spec=/usr/lib/x86_64-linux-gnu --target=x86_64-unknown-linux-gnu --disable-multilib --enable-multiarch --disable-bootstrap --with-build-sysroot=/cross-installation --enable-languages=c,c++,fortran --enable-default-pie --enable-default-ssp --without-isl --enable-linker-build-id host_configargs=lt_cv_sys_lib_dlsearch_path_spec=/usr/lib/x86_64-linux-gnu target_configargs=lt_cv_sys_lib_dlsearch_path_spec=/usr/lib/x86_64-linux-gnu
Thread model: posix
gcc version 8.3.0 (GCC) 
COMPILER_PATH=/usr/libexec/gcc/x86_64-unknown-linux-gnu/8.3.0/:/usr/libexec/gcc/x86_64-unknown-linux-gnu/8.3.0/:/usr/libexec/gcc/x86_64-unknown-linux-gnu/:/usr/lib/gcc/x86_64-unknown-linux-gnu/8.3.0/:/usr/lib/gcc/x86_64-unknown-linux-gnu/:/usr/lib/gcc/x86_64-unknown-linux-gnu/8.3.0/../../../../x86_64-unknown-linux-gnu/bin/
LIBRARY_PATH=/usr/lib/gcc/x86_64-unknown-linux-gnu/8.3.0/:/usr/lib/gcc/x86_64-unknown-linux-gnu/8.3.0/../../../x86_64-linux-gnu/:/usr/lib/gcc/x86_64-unknown-linux-gnu/8.3.0/../../../../lib64/:/lib/x86_64-linux-gnu/:/lib/../lib64/:/usr/lib/x86_64-linux-gnu/:/usr/lib/../lib64/:/usr/lib/gcc/x86_64-unknown-linux-gnu/8.3.0/../../../../x86_64-unknown-linux-gnu/lib/:/usr/lib/gcc/x86_64-unknown-linux-gnu/8.3.0/../../../:/lib/:/usr/lib/
COLLECT_GCC_OPTIONS='-march=x86-64' '-mtune=generic' '-O2' '-g' '-pipe' '-fexceptions' '-fstack-protector-strong' '-grecord-gcc-switches' '-fasynchronous-unwind-tables' '-fstack-clash-protection' '-fcf-protection=full' '-L/app/lib' '-v' '-rdynamic' '-o' 'cmTC_164f0'
 /usr/libexec/gcc/x86_64-unknown-linux-gnu/8.3.0/collect2 -plugin /usr/libexec/gcc/x86_64-unknown-linux-gnu/8.3.0/liblto_plugin.so -plugin-opt=/usr/libexec/gcc/x86_64-unknown-linux-gnu/8.3.0/lto-wrapper -plugin-opt=-fresolution=/tmp/cclnLmYt.res -plugin-opt=-pass-through=-lgcc -plugin-opt=-pass-through=-lgcc_s -plugin-opt=-pass-through=-lc -plugin-opt=-pass-through=-lgcc -plugin-opt=-pass-through=-lgcc_s --build-id --eh-frame-hdr -m elf_x86_64 -export-dynamic -dynamic-linker /lib64/ld-linux-x86-64.so.2 -pie -o cmTC_164f0 /usr/lib/gcc/x86_64-unknown-linux-gnu/8.3.0/../../../Scrt1.o /usr/lib/gcc/x86_64-unknown-linux-gnu/8.3.0/../../../crti.o /usr/lib/gcc/x86_64-unknown-linux-gnu/8.3.0/crtbeginS.o -L/app/lib -L/usr/lib/gcc/x86_64-unknown-linux-gnu/8.3.0 -L/usr/lib/gcc/x86_64-unknown-linux-gnu/8.3.0/../../../x86_64-linux-gnu -L/usr/lib/gcc/x86_64-unknown-linux-gnu/8.3.0/../../../../lib64 -L/lib/x86_64-linux-gnu -L/lib/../lib64 -L/usr/lib/x86_64-linux-gnu -L/usr/lib/../lib64 -L/usr/lib/gcc/x86_64-unknown-linux-gnu/8.3.0/../../../../x86_64-unknown-linux-gnu/lib -L/usr/lib/gcc/x86_64-unknown-linux-gnu/8.3.0/../../.. -z relro -z now --as-needed CMakeFiles/cmTC_164f0.dir/CMakeCCompilerABI.c.o -lgcc --as-needed -lgcc_s --no-as-needed -lc -lgcc --as-needed -lgcc_s --no-as-needed /usr/lib/gcc/x86_64-unknown-linux-gnu/8.3.0/crtendS.o /usr/lib/gcc/x86_64-unknown-linux-gnu/8.3.0/../../../crtn.o
COLLECT_GCC_OPTIONS='-march=x86-64' '-mtune=generic' '-O2' '-g' '-pipe' '-fexceptions' '-fstack-protector-strong' '-grecord-gcc-switches' '-fasynchronous-unwind-tables' '-fstack-clash-protection' '-fcf-protection=full' '-L/app/lib' '-v' '-rdynamic' '-o' 'cmTC_164f0'
make[1]: Leaving directory '/run/build/pythonqt/CMakeFiles/CMakeTmp'


Parsed C implicit link information from above output:
  link line regex: [^( *|.*[/\])(ld|CMAKE_LINK_STARTFILE-NOTFOUND|([^/\]+-)?ld|collect2)[^/\]*( |$)]
  ignore line: [Change Dir: /run/build/pythonqt/CMakeFiles/CMakeTmp]
  ignore line: []
  ignore line: [Run Build Command:"/usr/bin/make" "cmTC_164f0/fast"]
  ignore line: [/usr/bin/make -f CMakeFiles/cmTC_164f0.dir/build.make CMakeFiles/cmTC_164f0.dir/build]
  ignore line: [make[1]: Entering directory '/run/build/pythonqt/CMakeFiles/CMakeTmp']
  ignore line: [Building C object CMakeFiles/cmTC_164f0.dir/CMakeCCompilerABI.c.o]
  ignore line: [/usr/bin/cc   -march=x86-64 -mtune=generic -O2 -g -pipe -Wp,-D_FORTIFY_SOURCE=2 -Wp,-D_GLIBCXX_ASSERTIONS -fexceptions -fstack-protector-strong -grecord-gcc-switches -fasynchronous-unwind-tables -fstack-clash-protection -fcf-protection    -o CMakeFiles/cmTC_164f0.dir/CMakeCCompilerABI.c.o   -c /usr/share/cmake-3.13/Modules/CMakeCCompilerABI.c]
  ignore line: [Linking C executable cmTC_164f0]
  ignore line: [/usr/bin/cmake -E cmake_link_script CMakeFiles/cmTC_164f0.dir/link.txt --verbose=1]
  ignore line: [/usr/bin/cc -march=x86-64 -mtune=generic -O2 -g -pipe -Wp,-D_FORTIFY_SOURCE=2 -Wp,-D_GLIBCXX_ASSERTIONS -fexceptions -fstack-protector-strong -grecord-gcc-switches -fasynchronous-unwind-tables -fstack-clash-protection -fcf-protection   -L/app/lib -Wl,-z,relro,-z,now -Wl,--as-needed -v -rdynamic CMakeFiles/cmTC_164f0.dir/CMakeCCompilerABI.c.o  -o cmTC_164f0 ]
  ignore line: [Using built-in specs.]
  ignore line: [COLLECT_GCC=/usr/bin/cc]
  ignore line: [COLLECT_LTO_WRAPPER=/usr/libexec/gcc/x86_64-unknown-linux-gnu/8.3.0/lto-wrapper]
  ignore line: [Target: x86_64-unknown-linux-gnu]
  ignore line: [Configured with: ../configure --prefix=/usr --exec-prefix=/usr --bindir=/usr/bin --sbindir=/usr/bin --sysconfdir=/etc --datadir=/usr/share --includedir=/usr/include --libdir=/usr/lib --libexecdir=/usr/libexec --localstatedir=/var --sharedstatedir=/usr/com --mandir=/usr/share/man --infodir=/usr/share/info --enable-deterministic-archives --enable-shared --build=x86_64-pc-linux-gnu --host=x86_64-unknown-linux-gnu lt_cv_sys_lib_dlsearch_path_spec=/usr/lib/x86_64-linux-gnu --target=x86_64-unknown-linux-gnu --disable-multilib --enable-multiarch --disable-bootstrap --with-build-sysroot=/cross-installation --enable-languages=c,c++,fortran --enable-default-pie --enable-default-ssp --without-isl --enable-linker-build-id host_configargs=lt_cv_sys_lib_dlsearch_path_spec=/usr/lib/x86_64-linux-gnu target_configargs=lt_cv_sys_lib_dlsearch_path_spec=/usr/lib/x86_64-linux-gnu]
  ignore line: [Thread model: posix]
  ignore line: [gcc version 8.3.0 (GCC) ]
  ignore line: [COMPILER_PATH=/usr/libexec/gcc/x86_64-unknown-linux-gnu/8.3.0/:/usr/libexec/gcc/x86_64-unknown-linux-gnu/8.3.0/:/usr/libexec/gcc/x86_64-unknown-linux-gnu/:/usr/lib/gcc/x86_64-unknown-linux-gnu/8.3.0/:/usr/lib/gcc/x86_64-unknown-linux-gnu/:/usr/lib/gcc/x86_64-unknown-linux-gnu/8.3.0/../../../../x86_64-unknown-linux-gnu/bin/]
  ignore line: [LIBRARY_PATH=/usr/lib/gcc/x86_64-unknown-linux-gnu/8.3.0/:/usr/lib/gcc/x86_64-unknown-linux-gnu/8.3.0/../../../x86_64-linux-gnu/:/usr/lib/gcc/x86_64-unknown-linux-gnu/8.3.0/../../../../lib64/:/lib/x86_64-linux-gnu/:/lib/../lib64/:/usr/lib/x86_64-linux-gnu/:/usr/lib/../lib64/:/usr/lib/gcc/x86_64-unknown-linux-gnu/8.3.0/../../../../x86_64-unknown-linux-gnu/lib/:/usr/lib/gcc/x86_64-unknown-linux-gnu/8.3.0/../../../:/lib/:/usr/lib/]
  ignore line: [COLLECT_GCC_OPTIONS='-march=x86-64' '-mtune=generic' '-O2' '-g' '-pipe' '-fexceptions' '-fstack-protector-strong' '-grecord-gcc-switches' '-fasynchronous-unwind-tables' '-fstack-clash-protection' '-fcf-protection=full' '-L/app/lib' '-v' '-rdynamic' '-o' 'cmTC_164f0']
  link line: [ /usr/libexec/gcc/x86_64-unknown-linux-gnu/8.3.0/collect2 -plugin /usr/libexec/gcc/x86_64-unknown-linux-gnu/8.3.0/liblto_plugin.so -plugin-opt=/usr/libexec/gcc/x86_64-unknown-linux-gnu/8.3.0/lto-wrapper -plugin-opt=-fresolution=/tmp/cclnLmYt.res -plugin-opt=-pass-through=-lgcc -plugin-opt=-pass-through=-lgcc_s -plugin-opt=-pass-through=-lc -plugin-opt=-pass-through=-lgcc -plugin-opt=-pass-through=-lgcc_s --build-id --eh-frame-hdr -m elf_x86_64 -export-dynamic -dynamic-linker /lib64/ld-linux-x86-64.so.2 -pie -o cmTC_164f0 /usr/lib/gcc/x86_64-unknown-linux-gnu/8.3.0/../../../Scrt1.o /usr/lib/gcc/x86_64-unknown-linux-gnu/8.3.0/../../../crti.o /usr/lib/gcc/x86_64-unknown-linux-gnu/8.3.0/crtbeginS.o -L/app/lib -L/usr/lib/gcc/x86_64-unknown-linux-gnu/8.3.0 -L/usr/lib/gcc/x86_64-unknown-linux-gnu/8.3.0/../../../x86_64-linux-gnu -L/usr/lib/gcc/x86_64-unknown-linux-gnu/8.3.0/../../../../lib64 -L/lib/x86_64-linux-gnu -L/lib/../lib64 -L/usr/lib/x86_64-linux-gnu -L/usr/lib/../lib64 -L/usr/lib/gcc/x86_64-unknown-linux-gnu/8.3.0/../../../../x86_64-unknown-linux-gnu/lib -L/usr/lib/gcc/x86_64-unknown-linux-gnu/8.3.0/../../.. -z relro -z now --as-needed CMakeFiles/cmTC_164f0.dir/CMakeCCompilerABI.c.o -lgcc --as-needed -lgcc_s --no-as-needed -lc -lgcc --as-needed -lgcc_s --no-as-needed /usr/lib/gcc/x86_64-unknown-linux-gnu/8.3.0/crtendS.o /usr/lib/gcc/x86_64-unknown-linux-gnu/8.3.0/../../../crtn.o]
    arg [/usr/libexec/gcc/x86_64-unknown-linux-gnu/8.3.0/collect2] ==> ignore
    arg [-plugin] ==> ignore
    arg [/usr/libexec/gcc/x86_64-unknown-linux-gnu/8.3.0/liblto_plugin.so] ==> ignore
    arg [-plugin-opt=/usr/libexec/gcc/x86_64-unknown-linux-gnu/8.3.0/lto-wrapper] ==> ignore
    arg [-plugin-opt=-fresolution=/tmp/cclnLmYt.res] ==> ignore
    arg [-plugin-opt=-pass-through=-lgcc] ==> ignore
    arg [-plugin-opt=-pass-through=-lgcc_s] ==> ignore
    arg [-plugin-opt=-pass-through=-lc] ==> ignore
    arg [-plugin-opt=-pass-through=-lgcc] ==> ignore
    arg [-plugin-opt=-pass-through=-lgcc_s] ==> ignore
    arg [--build-id] ==> ignore
    arg [--eh-frame-hdr] ==> ignore
    arg [-m] ==> ignore
    arg [elf_x86_64] ==> ignore
    arg [-export-dynamic] ==> ignore
    arg [-dynamic-linker] ==> ignore
    arg [/lib64/ld-linux-x86-64.so.2] ==> ignore
    arg [-pie] ==> ignore
    arg [-o] ==> ignore
    arg [cmTC_164f0] ==> ignore
    arg [/usr/lib/gcc/x86_64-unknown-linux-gnu/8.3.0/../../../Scrt1.o] ==> ignore
    arg [/usr/lib/gcc/x86_64-unknown-linux-gnu/8.3.0/../../../crti.o] ==> ignore
    arg [/usr/lib/gcc/x86_64-unknown-linux-gnu/8.3.0/crtbeginS.o] ==> ignore
    arg [-L/app/lib] ==> dir [/app/lib]
    arg [-L/usr/lib/gcc/x86_64-unknown-linux-gnu/8.3.0] ==> dir [/usr/lib/gcc/x86_64-unknown-linux-gnu/8.3.0]
    arg [-L/usr/lib/gcc/x86_64-unknown-linux-gnu/8.3.0/../../../x86_64-linux-gnu] ==> dir [/usr/lib/gcc/x86_64-unknown-linux-gnu/8.3.0/../../../x86_64-linux-gnu]
    arg [-L/usr/lib/gcc/x86_64-unknown-linux-gnu/8.3.0/../../../../lib64] ==> dir [/usr/lib/gcc/x86_64-unknown-linux-gnu/8.3.0/../../../../lib64]
    arg [-L/lib/x86_64-linux-gnu] ==> dir [/lib/x86_64-linux-gnu]
    arg [-L/lib/../lib64] ==> dir [/lib/../lib64]
    arg [-L/usr/lib/x86_64-linux-gnu] ==> dir [/usr/lib/x86_64-linux-gnu]
    arg [-L/usr/lib/../lib64] ==> dir [/usr/lib/../lib64]
    arg [-L/usr/lib/gcc/x86_64-unknown-linux-gnu/8.3.0/../../../../x86_64-unknown-linux-gnu/lib] ==> dir [/usr/lib/gcc/x86_64-unknown-linux-gnu/8.3.0/../../../../x86_64-unknown-linux-gnu/lib]
    arg [-L/usr/lib/gcc/x86_64-unknown-linux-gnu/8.3.0/../../..] ==> dir [/usr/lib/gcc/x86_64-unknown-linux-gnu/8.3.0/../../..]
    arg [-zrelro] ==> ignore
    arg [-znow] ==> ignore
    arg [--as-needed] ==> ignore
    arg [CMakeFiles/cmTC_164f0.dir/CMakeCCompilerABI.c.o] ==> ignore
    arg [-lgcc] ==> lib [gcc]
    arg [--as-needed] ==> ignore
    arg [-lgcc_s] ==> lib [gcc_s]
    arg [--no-as-needed] ==> ignore
    arg [-lc] ==> lib [c]
    arg [-lgcc] ==> lib [gcc]
    arg [--as-needed] ==> ignore
    arg [-lgcc_s] ==> lib [gcc_s]
    arg [--no-as-needed] ==> ignore
    arg [/usr/lib/gcc/x86_64-unknown-linux-gnu/8.3.0/crtendS.o] ==> ignore
    arg [/usr/lib/gcc/x86_64-unknown-linux-gnu/8.3.0/../../../crtn.o] ==> ignore
  collapse library dir [/app/lib] ==> [/app/lib]
  collapse library dir [/usr/lib/gcc/x86_64-unknown-linux-gnu/8.3.0] ==> [/usr/lib/gcc/x86_64-unknown-linux-gnu/8.3.0]
  collapse library dir [/usr/lib/gcc/x86_64-unknown-linux-gnu/8.3.0/../../../x86_64-linux-gnu] ==> [/usr/lib/x86_64-linux-gnu]
  collapse library dir [/usr/lib/gcc/x86_64-unknown-linux-gnu/8.3.0/../../../../lib64] ==> [/usr/lib64]
  collapse library dir [/lib/x86_64-linux-gnu] ==> [/lib/x86_64-linux-gnu]
  collapse library dir [/lib/../lib64] ==> [/lib64]
  collapse library dir [/usr/lib/x86_64-linux-gnu] ==> [/usr/lib/x86_64-linux-gnu]
  collapse library dir [/usr/lib/../lib64] ==> [/usr/lib64]
  collapse library dir [/usr/lib/gcc/x86_64-unknown-linux-gnu/8.3.0/../../../../x86_64-unknown-linux-gnu/lib] ==> [/usr/x86_64-unknown-linux-gnu/lib]
  collapse library dir [/usr/lib/gcc/x86_64-unknown-linux-gnu/8.3.0/../../..] ==> [/usr/lib]
  implicit libs: [gcc;gcc_s;c;gcc;gcc_s]
  implicit dirs: [/app/lib;/usr/lib/gcc/x86_64-unknown-linux-gnu/8.3.0;/usr/lib/x86_64-linux-gnu;/usr/lib64;/lib/x86_64-linux-gnu;/lib64;/usr/x86_64-unknown-linux-gnu/lib;/usr/lib]
  implicit fwks: []




Detecting C [-std=c11] compiler features compiled with the following output:
Change Dir: /run/build/pythonqt/CMakeFiles/CMakeTmp

Run Build Command:"/usr/bin/make" "cmTC_9e9cf/fast"
/usr/bin/make -f CMakeFiles/cmTC_9e9cf.dir/build.make CMakeFiles/cmTC_9e9cf.dir/build
make[1]: Entering directory '/run/build/pythonqt/CMakeFiles/CMakeTmp'
Building C object CMakeFiles/cmTC_9e9cf.dir/feature_tests.c.o
/usr/bin/cc   -march=x86-64 -mtune=generic -O2 -g -pipe -Wp,-D_FORTIFY_SOURCE=2 -Wp,-D_GLIBCXX_ASSERTIONS -fexceptions -fstack-protector-strong -grecord-gcc-switches -fasynchronous-unwind-tables -fstack-clash-protection -fcf-protection    -std=c11 -o CMakeFiles/cmTC_9e9cf.dir/feature_tests.c.o   -c /run/build/pythonqt/CMakeFiles/feature_tests.c
Linking C executable cmTC_9e9cf
/usr/bin/cmake -E cmake_link_script CMakeFiles/cmTC_9e9cf.dir/link.txt --verbose=1
/usr/bin/cc -march=x86-64 -mtune=generic -O2 -g -pipe -Wp,-D_FORTIFY_SOURCE=2 -Wp,-D_GLIBCXX_ASSERTIONS -fexceptions -fstack-protector-strong -grecord-gcc-switches -fasynchronous-unwind-tables -fstack-clash-protection -fcf-protection   -L/app/lib -Wl,-z,relro,-z,now -Wl,--as-needed  -rdynamic CMakeFiles/cmTC_9e9cf.dir/feature_tests.c.o  -o cmTC_9e9cf 
make[1]: Leaving directory '/run/build/pythonqt/CMakeFiles/CMakeTmp'


    Feature record: C_FEATURE:1c_function_prototypes
    Feature record: C_FEATURE:1c_restrict
    Feature record: C_FEATURE:1c_static_assert
    Feature record: C_FEATURE:1c_variadic_macros


Detecting C [-std=c99] compiler features compiled with the following output:
Change Dir: /run/build/pythonqt/CMakeFiles/CMakeTmp

Run Build Command:"/usr/bin/make" "cmTC_da1f3/fast"
/usr/bin/make -f CMakeFiles/cmTC_da1f3.dir/build.make CMakeFiles/cmTC_da1f3.dir/build
make[1]: Entering directory '/run/build/pythonqt/CMakeFiles/CMakeTmp'
Building C object CMakeFiles/cmTC_da1f3.dir/feature_tests.c.o
/usr/bin/cc   -march=x86-64 -mtune=generic -O2 -g -pipe -Wp,-D_FORTIFY_SOURCE=2 -Wp,-D_GLIBCXX_ASSERTIONS -fexceptions -fstack-protector-strong -grecord-gcc-switches -fasynchronous-unwind-tables -fstack-clash-protection -fcf-protection    -std=c99 -o CMakeFiles/cmTC_da1f3.dir/feature_tests.c.o   -c /run/build/pythonqt/CMakeFiles/feature_tests.c
Linking C executable cmTC_da1f3
/usr/bin/cmake -E cmake_link_script CMakeFiles/cmTC_da1f3.dir/link.txt --verbose=1
/usr/bin/cc -march=x86-64 -mtune=generic -O2 -g -pipe -Wp,-D_FORTIFY_SOURCE=2 -Wp,-D_GLIBCXX_ASSERTIONS -fexceptions -fstack-protector-strong -grecord-gcc-switches -fasynchronous-unwind-tables -fstack-clash-protection -fcf-protection   -L/app/lib -Wl,-z,relro,-z,now -Wl,--as-needed  -rdynamic CMakeFiles/cmTC_da1f3.dir/feature_tests.c.o  -o cmTC_da1f3 
make[1]: Leaving directory '/run/build/pythonqt/CMakeFiles/CMakeTmp'


    Feature record: C_FEATURE:1c_function_prototypes
    Feature record: C_FEATURE:1c_restrict
    Feature record: C_FEATURE:0c_static_assert
    Feature record: C_FEATURE:1c_variadic_macros


Detecting C [-std=c90] compiler features compiled with the following output:
Change Dir: /run/build/pythonqt/CMakeFiles/CMakeTmp

Run Build Command:"/usr/bin/make" "cmTC_b3f8b/fast"
/usr/bin/make -f CMakeFiles/cmTC_b3f8b.dir/build.make CMakeFiles/cmTC_b3f8b.dir/build
make[1]: Entering directory '/run/build/pythonqt/CMakeFiles/CMakeTmp'
Building C object CMakeFiles/cmTC_b3f8b.dir/feature_tests.c.o
/usr/bin/cc   -march=x86-64 -mtune=generic -O2 -g -pipe -Wp,-D_FORTIFY_SOURCE=2 -Wp,-D_GLIBCXX_ASSERTIONS -fexceptions -fstack-protector-strong -grecord-gcc-switches -fasynchronous-unwind-tables -fstack-clash-protection -fcf-protection    -std=c90 -o CMakeFiles/cmTC_b3f8b.dir/feature_tests.c.o   -c /run/build/pythonqt/CMakeFiles/feature_tests.c
Linking C executable cmTC_b3f8b
/usr/bin/cmake -E cmake_link_script CMakeFiles/cmTC_b3f8b.dir/link.txt --verbose=1
/usr/bin/cc -march=x86-64 -mtune=generic -O2 -g -pipe -Wp,-D_FORTIFY_SOURCE=2 -Wp,-D_GLIBCXX_ASSERTIONS -fexceptions -fstack-protector-strong -grecord-gcc-switches -fasynchronous-unwind-tables -fstack-clash-protection -fcf-protection   -L/app/lib -Wl,-z,relro,-z,now -Wl,--as-needed  -rdynamic CMakeFiles/cmTC_b3f8b.dir/feature_tests.c.o  -o cmTC_b3f8b 
make[1]: Leaving directory '/run/build/pythonqt/CMakeFiles/CMakeTmp'


    Feature record: C_FEATURE:1c_function_prototypes
    Feature record: C_FEATURE:0c_restrict
    Feature record: C_FEATURE:0c_static_assert
    Feature record: C_FEATURE:0c_variadic_macros
Determining if the CXX compiler works passed with the following output:
Change Dir: /run/build/pythonqt/CMakeFiles/CMakeTmp

Run Build Command:"/usr/bin/make" "cmTC_3f125/fast"
/usr/bin/make -f CMakeFiles/cmTC_3f125.dir/build.make CMakeFiles/cmTC_3f125.dir/build
make[1]: Entering directory '/run/build/pythonqt/CMakeFiles/CMakeTmp'
Building CXX object CMakeFiles/cmTC_3f125.dir/testCXXCompiler.cxx.o
/usr/bin/c++    -march=x86-64 -mtune=generic -O2 -g -pipe -Wp,-D_FORTIFY_SOURCE=2 -Wp,-D_GLIBCXX_ASSERTIONS -fexceptions -fstack-protector-strong -grecord-gcc-switches -fasynchronous-unwind-tables -fstack-clash-protection -fcf-protection    -o CMakeFiles/cmTC_3f125.dir/testCXXCompiler.cxx.o -c /run/build/pythonqt/CMakeFiles/CMakeTmp/testCXXCompiler.cxx
Linking CXX executable cmTC_3f125
/usr/bin/cmake -E cmake_link_script CMakeFiles/cmTC_3f125.dir/link.txt --verbose=1
/usr/bin/c++  -march=x86-64 -mtune=generic -O2 -g -pipe -Wp,-D_FORTIFY_SOURCE=2 -Wp,-D_GLIBCXX_ASSERTIONS -fexceptions -fstack-protector-strong -grecord-gcc-switches -fasynchronous-unwind-tables -fstack-clash-protection -fcf-protection   -L/app/lib -Wl,-z,relro,-z,now -Wl,--as-needed  -rdynamic CMakeFiles/cmTC_3f125.dir/testCXXCompiler.cxx.o  -o cmTC_3f125 
make[1]: Leaving directory '/run/build/pythonqt/CMakeFiles/CMakeTmp'


Detecting CXX compiler ABI info compiled with the following output:
Change Dir: /run/build/pythonqt/CMakeFiles/CMakeTmp

Run Build Command:"/usr/bin/make" "cmTC_471b6/fast"
/usr/bin/make -f CMakeFiles/cmTC_471b6.dir/build.make CMakeFiles/cmTC_471b6.dir/build
make[1]: Entering directory '/run/build/pythonqt/CMakeFiles/CMakeTmp'
Building CXX object CMakeFiles/cmTC_471b6.dir/CMakeCXXCompilerABI.cpp.o
/usr/bin/c++    -march=x86-64 -mtune=generic -O2 -g -pipe -Wp,-D_FORTIFY_SOURCE=2 -Wp,-D_GLIBCXX_ASSERTIONS -fexceptions -fstack-protector-strong -grecord-gcc-switches -fasynchronous-unwind-tables -fstack-clash-protection -fcf-protection    -o CMakeFiles/cmTC_471b6.dir/CMakeCXXCompilerABI.cpp.o -c /usr/share/cmake-3.13/Modules/CMakeCXXCompilerABI.cpp
Linking CXX executable cmTC_471b6
/usr/bin/cmake -E cmake_link_script CMakeFiles/cmTC_471b6.dir/link.txt --verbose=1
/usr/bin/c++  -march=x86-64 -mtune=generic -O2 -g -pipe -Wp,-D_FORTIFY_SOURCE=2 -Wp,-D_GLIBCXX_ASSERTIONS -fexceptions -fstack-protector-strong -grecord-gcc-switches -fasynchronous-unwind-tables -fstack-clash-protection -fcf-protection   -L/app/lib -Wl,-z,relro,-z,now -Wl,--as-needed -v -rdynamic CMakeFiles/cmTC_471b6.dir/CMakeCXXCompilerABI.cpp.o  -o cmTC_471b6 
Using built-in specs.
COLLECT_GCC=/usr/bin/c++
COLLECT_LTO_WRAPPER=/usr/libexec/gcc/x86_64-unknown-linux-gnu/8.3.0/lto-wrapper
Target: x86_64-unknown-linux-gnu
Configured with: ../configure --prefix=/usr --exec-prefix=/usr --bindir=/usr/bin --sbindir=/usr/bin --sysconfdir=/etc --datadir=/usr/share --includedir=/usr/include --libdir=/usr/lib --libexecdir=/usr/libexec --localstatedir=/var --sharedstatedir=/usr/com --mandir=/usr/share/man --infodir=/usr/share/info --enable-deterministic-archives --enable-shared --build=x86_64-pc-linux-gnu --host=x86_64-unknown-linux-gnu lt_cv_sys_lib_dlsearch_path_spec=/usr/lib/x86_64-linux-gnu --target=x86_64-unknown-linux-gnu --disable-multilib --enable-multiarch --disable-bootstrap --with-build-sysroot=/cross-installation --enable-languages=c,c++,fortran --enable-default-pie --enable-default-ssp --without-isl --enable-linker-build-id host_configargs=lt_cv_sys_lib_dlsearch_path_spec=/usr/lib/x86_64-linux-gnu target_configargs=lt_cv_sys_lib_dlsearch_path_spec=/usr/lib/x86_64-linux-gnu
Thread model: posix
gcc version 8.3.0 (GCC) 
COMPILER_PATH=/usr/libexec/gcc/x86_64-unknown-linux-gnu/8.3.0/:/usr/libexec/gcc/x86_64-unknown-linux-gnu/8.3.0/:/usr/libexec/gcc/x86_64-unknown-linux-gnu/:/usr/lib/gcc/x86_64-unknown-linux-gnu/8.3.0/:/usr/lib/gcc/x86_64-unknown-linux-gnu/:/usr/lib/gcc/x86_64-unknown-linux-gnu/8.3.0/../../../../x86_64-unknown-linux-gnu/bin/
LIBRARY_PATH=/usr/lib/gcc/x86_64-unknown-linux-gnu/8.3.0/:/usr/lib/gcc/x86_64-unknown-linux-gnu/8.3.0/../../../x86_64-linux-gnu/:/usr/lib/gcc/x86_64-unknown-linux-gnu/8.3.0/../../../../lib64/:/lib/x86_64-linux-gnu/:/lib/../lib64/:/usr/lib/x86_64-linux-gnu/:/usr/lib/../lib64/:/usr/lib/gcc/x86_64-unknown-linux-gnu/8.3.0/../../../../x86_64-unknown-linux-gnu/lib/:/usr/lib/gcc/x86_64-unknown-linux-gnu/8.3.0/../../../:/lib/:/usr/lib/
COLLECT_GCC_OPTIONS='-march=x86-64' '-mtune=generic' '-O2' '-g' '-pipe' '-fexceptions' '-fstack-protector-strong' '-grecord-gcc-switches' '-fasynchronous-unwind-tables' '-fstack-clash-protection' '-fcf-protection=full' '-L/app/lib' '-v' '-rdynamic' '-o' 'cmTC_471b6' '-shared-libgcc'
 /usr/libexec/gcc/x86_64-unknown-linux-gnu/8.3.0/collect2 -plugin /usr/libexec/gcc/x86_64-unknown-linux-gnu/8.3.0/liblto_plugin.so -plugin-opt=/usr/libexec/gcc/x86_64-unknown-linux-gnu/8.3.0/lto-wrapper -plugin-opt=-fresolution=/tmp/ccLfbdfJ.res -plugin-opt=-pass-through=-lgcc_s -plugin-opt=-pass-through=-lgcc -plugin-opt=-pass-through=-lc -plugin-opt=-pass-through=-lgcc_s -plugin-opt=-pass-through=-lgcc --build-id --eh-frame-hdr -m elf_x86_64 -export-dynamic -dynamic-linker /lib64/ld-linux-x86-64.so.2 -pie -o cmTC_471b6 /usr/lib/gcc/x86_64-unknown-linux-gnu/8.3.0/../../../Scrt1.o /usr/lib/gcc/x86_64-unknown-linux-gnu/8.3.0/../../../crti.o /usr/lib/gcc/x86_64-unknown-linux-gnu/8.3.0/crtbeginS.o -L/app/lib -L/usr/lib/gcc/x86_64-unknown-linux-gnu/8.3.0 -L/usr/lib/gcc/x86_64-unknown-linux-gnu/8.3.0/../../../x86_64-linux-gnu -L/usr/lib/gcc/x86_64-unknown-linux-gnu/8.3.0/../../../../lib64 -L/lib/x86_64-linux-gnu -L/lib/../lib64 -L/usr/lib/x86_64-linux-gnu -L/usr/lib/../lib64 -L/usr/lib/gcc/x86_64-unknown-linux-gnu/8.3.0/../../../../x86_64-unknown-linux-gnu/lib -L/usr/lib/gcc/x86_64-unknown-linux-gnu/8.3.0/../../.. -z relro -z now --as-needed CMakeFiles/cmTC_471b6.dir/CMakeCXXCompilerABI.cpp.o -lstdc++ -lm -lgcc_s -lgcc -lc -lgcc_s -lgcc /usr/lib/gcc/x86_64-unknown-linux-gnu/8.3.0/crtendS.o /usr/lib/gcc/x86_64-unknown-linux-gnu/8.3.0/../../../crtn.o
COLLECT_GCC_OPTIONS='-march=x86-64' '-mtune=generic' '-O2' '-g' '-pipe' '-fexceptions' '-fstack-protector-strong' '-grecord-gcc-switches' '-fasynchronous-unwind-tables' '-fstack-clash-protection' '-fcf-protection=full' '-L/app/lib' '-v' '-rdynamic' '-o' 'cmTC_471b6' '-shared-libgcc'
make[1]: Leaving directory '/run/build/pythonqt/CMakeFiles/CMakeTmp'


Parsed CXX implicit link information from above output:
  link line regex: [^( *|.*[/\])(ld|CMAKE_LINK_STARTFILE-NOTFOUND|([^/\]+-)?ld|collect2)[^/\]*( |$)]
  ignore line: [Change Dir: /run/build/pythonqt/CMakeFiles/CMakeTmp]
  ignore line: []
  ignore line: [Run Build Command:"/usr/bin/make" "cmTC_471b6/fast"]
  ignore line: [/usr/bin/make -f CMakeFiles/cmTC_471b6.dir/build.make CMakeFiles/cmTC_471b6.dir/build]
  ignore line: [make[1]: Entering directory '/run/build/pythonqt/CMakeFiles/CMakeTmp']
  ignore line: [Building CXX object CMakeFiles/cmTC_471b6.dir/CMakeCXXCompilerABI.cpp.o]
  ignore line: [/usr/bin/c++    -march=x86-64 -mtune=generic -O2 -g -pipe -Wp,-D_FORTIFY_SOURCE=2 -Wp,-D_GLIBCXX_ASSERTIONS -fexceptions -fstack-protector-strong -grecord-gcc-switches -fasynchronous-unwind-tables -fstack-clash-protection -fcf-protection    -o CMakeFiles/cmTC_471b6.dir/CMakeCXXCompilerABI.cpp.o -c /usr/share/cmake-3.13/Modules/CMakeCXXCompilerABI.cpp]
  ignore line: [Linking CXX executable cmTC_471b6]
  ignore line: [/usr/bin/cmake -E cmake_link_script CMakeFiles/cmTC_471b6.dir/link.txt --verbose=1]
  ignore line: [/usr/bin/c++  -march=x86-64 -mtune=generic -O2 -g -pipe -Wp,-D_FORTIFY_SOURCE=2 -Wp,-D_GLIBCXX_ASSERTIONS -fexceptions -fstack-protector-strong -grecord-gcc-switches -fasynchronous-unwind-tables -fstack-clash-protection -fcf-protection   -L/app/lib -Wl,-z,relro,-z,now -Wl,--as-needed -v -rdynamic CMakeFiles/cmTC_471b6.dir/CMakeCXXCompilerABI.cpp.o  -o cmTC_471b6 ]
  ignore line: [Using built-in specs.]
  ignore line: [COLLECT_GCC=/usr/bin/c++]
  ignore line: [COLLECT_LTO_WRAPPER=/usr/libexec/gcc/x86_64-unknown-linux-gnu/8.3.0/lto-wrapper]
  ignore line: [Target: x86_64-unknown-linux-gnu]
  ignore line: [Configured with: ../configure --prefix=/usr --exec-prefix=/usr --bindir=/usr/bin --sbindir=/usr/bin --sysconfdir=/etc --datadir=/usr/share --includedir=/usr/include --libdir=/usr/lib --libexecdir=/usr/libexec --localstatedir=/var --sharedstatedir=/usr/com --mandir=/usr/share/man --infodir=/usr/share/info --enable-deterministic-archives --enable-shared --build=x86_64-pc-linux-gnu --host=x86_64-unknown-linux-gnu lt_cv_sys_lib_dlsearch_path_spec=/usr/lib/x86_64-linux-gnu --target=x86_64-unknown-linux-gnu --disable-multilib --enable-multiarch --disable-bootstrap --with-build-sysroot=/cross-installation --enable-languages=c,c++,fortran --enable-default-pie --enable-default-ssp --without-isl --enable-linker-build-id host_configargs=lt_cv_sys_lib_dlsearch_path_spec=/usr/lib/x86_64-linux-gnu target_configargs=lt_cv_sys_lib_dlsearch_path_spec=/usr/lib/x86_64-linux-gnu]
  ignore line: [Thread model: posix]
  ignore line: [gcc version 8.3.0 (GCC) ]
  ignore line: [COMPILER_PATH=/usr/libexec/gcc/x86_64-unknown-linux-gnu/8.3.0/:/usr/libexec/gcc/x86_64-unknown-linux-gnu/8.3.0/:/usr/libexec/gcc/x86_64-unknown-linux-gnu/:/usr/lib/gcc/x86_64-unknown-linux-gnu/8.3.0/:/usr/lib/gcc/x86_64-unknown-linux-gnu/:/usr/lib/gcc/x86_64-unknown-linux-gnu/8.3.0/../../../../x86_64-unknown-linux-gnu/bin/]
  ignore line: [LIBRARY_PATH=/usr/lib/gcc/x86_64-unknown-linux-gnu/8.3.0/:/usr/lib/gcc/x86_64-unknown-linux-gnu/8.3.0/../../../x86_64-linux-gnu/:/usr/lib/gcc/x86_64-unknown-linux-gnu/8.3.0/../../../../lib64/:/lib/x86_64-linux-gnu/:/lib/../lib64/:/usr/lib/x86_64-linux-gnu/:/usr/lib/../lib64/:/usr/lib/gcc/x86_64-unknown-linux-gnu/8.3.0/../../../../x86_64-unknown-linux-gnu/lib/:/usr/lib/gcc/x86_64-unknown-linux-gnu/8.3.0/../../../:/lib/:/usr/lib/]
  ignore line: [COLLECT_GCC_OPTIONS='-march=x86-64' '-mtune=generic' '-O2' '-g' '-pipe' '-fexceptions' '-fstack-protector-strong' '-grecord-gcc-switches' '-fasynchronous-unwind-tables' '-fstack-clash-protection' '-fcf-protection=full' '-L/app/lib' '-v' '-rdynamic' '-o' 'cmTC_471b6' '-shared-libgcc']
  link line: [ /usr/libexec/gcc/x86_64-unknown-linux-gnu/8.3.0/collect2 -plugin /usr/libexec/gcc/x86_64-unknown-linux-gnu/8.3.0/liblto_plugin.so -plugin-opt=/usr/libexec/gcc/x86_64-unknown-linux-gnu/8.3.0/lto-wrapper -plugin-opt=-fresolution=/tmp/ccLfbdfJ.res -plugin-opt=-pass-through=-lgcc_s -plugin-opt=-pass-through=-lgcc -plugin-opt=-pass-through=-lc -plugin-opt=-pass-through=-lgcc_s -plugin-opt=-pass-through=-lgcc --build-id --eh-frame-hdr -m elf_x86_64 -export-dynamic -dynamic-linker /lib64/ld-linux-x86-64.so.2 -pie -o cmTC_471b6 /usr/lib/gcc/x86_64-unknown-linux-gnu/8.3.0/../../../Scrt1.o /usr/lib/gcc/x86_64-unknown-linux-gnu/8.3.0/../../../crti.o /usr/lib/gcc/x86_64-unknown-linux-gnu/8.3.0/crtbeginS.o -L/app/lib -L/usr/lib/gcc/x86_64-unknown-linux-gnu/8.3.0 -L/usr/lib/gcc/x86_64-unknown-linux-gnu/8.3.0/../../../x86_64-linux-gnu -L/usr/lib/gcc/x86_64-unknown-linux-gnu/8.3.0/../../../../lib64 -L/lib/x86_64-linux-gnu -L/lib/../lib64 -L/usr/lib/x86_64-linux-gnu -L/usr/lib/../lib64 -L/usr/lib/gcc/x86_64-unknown-linux-gnu/8.3.0/../../../../x86_64-unknown-linux-gnu/lib -L/usr/lib/gcc/x86_64-unknown-linux-gnu/8.3.0/../../.. -z relro -z now --as-needed CMakeFiles/cmTC_471b6.dir/CMakeCXXCompilerABI.cpp.o -lstdc++ -lm -lgcc_s -lgcc -lc -lgcc_s -lgcc /usr/lib/gcc/x86_64-unknown-linux-gnu/8.3.0/crtendS.o /usr/lib/gcc/x86_64-unknown-linux-gnu/8.3.0/../../../crtn.o]
    arg [/usr/libexec/gcc/x86_64-unknown-linux-gnu/8.3.0/collect2] ==> ignore
    arg [-plugin] ==> ignore
    arg [/usr/libexec/gcc/x86_64-unknown-linux-gnu/8.3.0/liblto_plugin.so] ==> ignore
    arg [-plugin-opt=/usr/libexec/gcc/x86_64-unknown-linux-gnu/8.3.0/lto-wrapper] ==> ignore
    arg [-plugin-opt=-fresolution=/tmp/ccLfbdfJ.res] ==> ignore
    arg [-plugin-opt=-pass-through=-lgcc_s] ==> ignore
    arg [-plugin-opt=-pass-through=-lgcc] ==> ignore
    arg [-plugin-opt=-pass-through=-lc] ==> ignore
    arg [-plugin-opt=-pass-through=-lgcc_s] ==> ignore
    arg [-plugin-opt=-pass-through=-lgcc] ==> ignore
    arg [--build-id] ==> ignore
    arg [--eh-frame-hdr] ==> ignore
    arg [-m] ==> ignore
    arg [elf_x86_64] ==> ignore
    arg [-export-dynamic] ==> ignore
    arg [-dynamic-linker] ==> ignore
    arg [/lib64/ld-linux-x86-64.so.2] ==> ignore
    arg [-pie] ==> ignore
    arg [-o] ==> ignore
    arg [cmTC_471b6] ==> ignore
    arg [/usr/lib/gcc/x86_64-unknown-linux-gnu/8.3.0/../../../Scrt1.o] ==> ignore
    arg [/usr/lib/gcc/x86_64-unknown-linux-gnu/8.3.0/../../../crti.o] ==> ignore
    arg [/usr/lib/gcc/x86_64-unknown-linux-gnu/8.3.0/crtbeginS.o] ==> ignore
    arg [-L/app/lib] ==> dir [/app/lib]
    arg [-L/usr/lib/gcc/x86_64-unknown-linux-gnu/8.3.0] ==> dir [/usr/lib/gcc/x86_64-unknown-linux-gnu/8.3.0]
    arg [-L/usr/lib/gcc/x86_64-unknown-linux-gnu/8.3.0/../../../x86_64-linux-gnu] ==> dir [/usr/lib/gcc/x86_64-unknown-linux-gnu/8.3.0/../../../x86_64-linux-gnu]
    arg [-L/usr/lib/gcc/x86_64-unknown-linux-gnu/8.3.0/../../../../lib64] ==> dir [/usr/lib/gcc/x86_64-unknown-linux-gnu/8.3.0/../../../../lib64]
    arg [-L/lib/x86_64-linux-gnu] ==> dir [/lib/x86_64-linux-gnu]
    arg [-L/lib/../lib64] ==> dir [/lib/../lib64]
    arg [-L/usr/lib/x86_64-linux-gnu] ==> dir [/usr/lib/x86_64-linux-gnu]
    arg [-L/usr/lib/../lib64] ==> dir [/usr/lib/../lib64]
    arg [-L/usr/lib/gcc/x86_64-unknown-linux-gnu/8.3.0/../../../../x86_64-unknown-linux-gnu/lib] ==> dir [/usr/lib/gcc/x86_64-unknown-linux-gnu/8.3.0/../../../../x86_64-unknown-linux-gnu/lib]
    arg [-L/usr/lib/gcc/x86_64-unknown-linux-gnu/8.3.0/../../..] ==> dir [/usr/lib/gcc/x86_64-unknown-linux-gnu/8.3.0/../../..]
    arg [-zrelro] ==> ignore
    arg [-znow] ==> ignore
    arg [--as-needed] ==> ignore
    arg [CMakeFiles/cmTC_471b6.dir/CMakeCXXCompilerABI.cpp.o] ==> ignore
    arg [-lstdc++] ==> lib [stdc++]
    arg [-lm] ==> lib [m]
    arg [-lgcc_s] ==> lib [gcc_s]
    arg [-lgcc] ==> lib [gcc]
    arg [-lc] ==> lib [c]
    arg [-lgcc_s] ==> lib [gcc_s]
    arg [-lgcc] ==> lib [gcc]
    arg [/usr/lib/gcc/x86_64-unknown-linux-gnu/8.3.0/crtendS.o] ==> ignore
    arg [/usr/lib/gcc/x86_64-unknown-linux-gnu/8.3.0/../../../crtn.o] ==> ignore
  collapse library dir [/app/lib] ==> [/app/lib]
  collapse library dir [/usr/lib/gcc/x86_64-unknown-linux-gnu/8.3.0] ==> [/usr/lib/gcc/x86_64-unknown-linux-gnu/8.3.0]
  collapse library dir [/usr/lib/gcc/x86_64-unknown-linux-gnu/8.3.0/../../../x86_64-linux-gnu] ==> [/usr/lib/x86_64-linux-gnu]
  collapse library dir [/usr/lib/gcc/x86_64-unknown-linux-gnu/8.3.0/../../../../lib64] ==> [/usr/lib64]
  collapse library dir [/lib/x86_64-linux-gnu] ==> [/lib/x86_64-linux-gnu]
  collapse library dir [/lib/../lib64] ==> [/lib64]
  collapse library dir [/usr/lib/x86_64-linux-gnu] ==> [/usr/lib/x86_64-linux-gnu]
  collapse library dir [/usr/lib/../lib64] ==> [/usr/lib64]
  collapse library dir [/usr/lib/gcc/x86_64-unknown-linux-gnu/8.3.0/../../../../x86_64-unknown-linux-gnu/lib] ==> [/usr/x86_64-unknown-linux-gnu/lib]
  collapse library dir [/usr/lib/gcc/x86_64-unknown-linux-gnu/8.3.0/../../..] ==> [/usr/lib]
  implicit libs: [stdc++;m;gcc_s;gcc;c;gcc_s;gcc]
  implicit dirs: [/app/lib;/usr/lib/gcc/x86_64-unknown-linux-gnu/8.3.0;/usr/lib/x86_64-linux-gnu;/usr/lib64;/lib/x86_64-linux-gnu;/lib64;/usr/x86_64-unknown-linux-gnu/lib;/usr/lib]
  implicit fwks: []




Detecting CXX [-std=c++2a] compiler features compiled with the following output:
Change Dir: /run/build/pythonqt/CMakeFiles/CMakeTmp

Run Build Command:"/usr/bin/make" "cmTC_ff91a/fast"
/usr/bin/make -f CMakeFiles/cmTC_ff91a.dir/build.make CMakeFiles/cmTC_ff91a.dir/build
make[1]: Entering directory '/run/build/pythonqt/CMakeFiles/CMakeTmp'
Building CXX object CMakeFiles/cmTC_ff91a.dir/feature_tests.cxx.o
/usr/bin/c++    -march=x86-64 -mtune=generic -O2 -g -pipe -Wp,-D_FORTIFY_SOURCE=2 -Wp,-D_GLIBCXX_ASSERTIONS -fexceptions -fstack-protector-strong -grecord-gcc-switches -fasynchronous-unwind-tables -fstack-clash-protection -fcf-protection    -std=c++2a -o CMakeFiles/cmTC_ff91a.dir/feature_tests.cxx.o -c /run/build/pythonqt/CMakeFiles/feature_tests.cxx
Linking CXX executable cmTC_ff91a
/usr/bin/cmake -E cmake_link_script CMakeFiles/cmTC_ff91a.dir/link.txt --verbose=1
/usr/bin/c++  -march=x86-64 -mtune=generic -O2 -g -pipe -Wp,-D_FORTIFY_SOURCE=2 -Wp,-D_GLIBCXX_ASSERTIONS -fexceptions -fstack-protector-strong -grecord-gcc-switches -fasynchronous-unwind-tables -fstack-clash-protection -fcf-protection   -L/app/lib -Wl,-z,relro,-z,now -Wl,--as-needed  -rdynamic CMakeFiles/cmTC_ff91a.dir/feature_tests.cxx.o  -o cmTC_ff91a 
make[1]: Leaving directory '/run/build/pythonqt/CMakeFiles/CMakeTmp'


    Feature record: CXX_FEATURE:1cxx_aggregate_default_initializers
    Feature record: CXX_FEATURE:1cxx_alias_templates
    Feature record: CXX_FEATURE:1cxx_alignas
    Feature record: CXX_FEATURE:1cxx_alignof
    Feature record: CXX_FEATURE:1cxx_attributes
    Feature record: CXX_FEATURE:1cxx_attribute_deprecated
    Feature record: CXX_FEATURE:1cxx_auto_type
    Feature record: CXX_FEATURE:1cxx_binary_literals
    Feature record: CXX_FEATURE:1cxx_constexpr
    Feature record: CXX_FEATURE:1cxx_contextual_conversions
    Feature record: CXX_FEATURE:1cxx_decltype
    Feature record: CXX_FEATURE:1cxx_decltype_auto
    Feature record: CXX_FEATURE:1cxx_decltype_incomplete_return_types
    Feature record: CXX_FEATURE:1cxx_default_function_template_args
    Feature record: CXX_FEATURE:1cxx_defaulted_functions
    Feature record: CXX_FEATURE:1cxx_defaulted_move_initializers
    Feature record: CXX_FEATURE:1cxx_delegating_constructors
    Feature record: CXX_FEATURE:1cxx_deleted_functions
    Feature record: CXX_FEATURE:1cxx_digit_separators
    Feature record: CXX_FEATURE:1cxx_enum_forward_declarations
    Feature record: CXX_FEATURE:1cxx_explicit_conversions
    Feature record: CXX_FEATURE:1cxx_extended_friend_declarations
    Feature record: CXX_FEATURE:1cxx_extern_templates
    Feature record: CXX_FEATURE:1cxx_final
    Feature record: CXX_FEATURE:1cxx_func_identifier
    Feature record: CXX_FEATURE:1cxx_generalized_initializers
    Feature record: CXX_FEATURE:1cxx_generic_lambdas
    Feature record: CXX_FEATURE:1cxx_inheriting_constructors
    Feature record: CXX_FEATURE:1cxx_inline_namespaces
    Feature record: CXX_FEATURE:1cxx_lambdas
    Feature record: CXX_FEATURE:1cxx_lambda_init_captures
    Feature record: CXX_FEATURE:1cxx_local_type_template_args
    Feature record: CXX_FEATURE:1cxx_long_long_type
    Feature record: CXX_FEATURE:1cxx_noexcept
    Feature record: CXX_FEATURE:1cxx_nonstatic_member_init
    Feature record: CXX_FEATURE:1cxx_nullptr
    Feature record: CXX_FEATURE:1cxx_override
    Feature record: CXX_FEATURE:1cxx_range_for
    Feature record: CXX_FEATURE:1cxx_raw_string_literals
    Feature record: CXX_FEATURE:1cxx_reference_qualified_functions
    Feature record: CXX_FEATURE:1cxx_relaxed_constexpr
    Feature record: CXX_FEATURE:1cxx_return_type_deduction
    Feature record: CXX_FEATURE:1cxx_right_angle_brackets
    Feature record: CXX_FEATURE:1cxx_rvalue_references
    Feature record: CXX_FEATURE:1cxx_sizeof_member
    Feature record: CXX_FEATURE:1cxx_static_assert
    Feature record: CXX_FEATURE:1cxx_strong_enums
    Feature record: CXX_FEATURE:1cxx_template_template_parameters
    Feature record: CXX_FEATURE:1cxx_thread_local
    Feature record: CXX_FEATURE:1cxx_trailing_return_types
    Feature record: CXX_FEATURE:1cxx_unicode_literals
    Feature record: CXX_FEATURE:1cxx_uniform_initialization
    Feature record: CXX_FEATURE:1cxx_unrestricted_unions
    Feature record: CXX_FEATURE:1cxx_user_literals
    Feature record: CXX_FEATURE:1cxx_variable_templates
    Feature record: CXX_FEATURE:1cxx_variadic_macros
    Feature record: CXX_FEATURE:1cxx_variadic_templates


Detecting CXX [-std=c++17] compiler features compiled with the following output:
Change Dir: /run/build/pythonqt/CMakeFiles/CMakeTmp

Run Build Command:"/usr/bin/make" "cmTC_4750f/fast"
/usr/bin/make -f CMakeFiles/cmTC_4750f.dir/build.make CMakeFiles/cmTC_4750f.dir/build
make[1]: Entering directory '/run/build/pythonqt/CMakeFiles/CMakeTmp'
Building CXX object CMakeFiles/cmTC_4750f.dir/feature_tests.cxx.o
/usr/bin/c++    -march=x86-64 -mtune=generic -O2 -g -pipe -Wp,-D_FORTIFY_SOURCE=2 -Wp,-D_GLIBCXX_ASSERTIONS -fexceptions -fstack-protector-strong -grecord-gcc-switches -fasynchronous-unwind-tables -fstack-clash-protection -fcf-protection    -std=c++17 -o CMakeFiles/cmTC_4750f.dir/feature_tests.cxx.o -c /run/build/pythonqt/CMakeFiles/feature_tests.cxx
Linking CXX executable cmTC_4750f
/usr/bin/cmake -E cmake_link_script CMakeFiles/cmTC_4750f.dir/link.txt --verbose=1
/usr/bin/c++  -march=x86-64 -mtune=generic -O2 -g -pipe -Wp,-D_FORTIFY_SOURCE=2 -Wp,-D_GLIBCXX_ASSERTIONS -fexceptions -fstack-protector-strong -grecord-gcc-switches -fasynchronous-unwind-tables -fstack-clash-protection -fcf-protection   -L/app/lib -Wl,-z,relro,-z,now -Wl,--as-needed  -rdynamic CMakeFiles/cmTC_4750f.dir/feature_tests.cxx.o  -o cmTC_4750f 
make[1]: Leaving directory '/run/build/pythonqt/CMakeFiles/CMakeTmp'


    Feature record: CXX_FEATURE:1cxx_aggregate_default_initializers
    Feature record: CXX_FEATURE:1cxx_alias_templates
    Feature record: CXX_FEATURE:1cxx_alignas
    Feature record: CXX_FEATURE:1cxx_alignof
    Feature record: CXX_FEATURE:1cxx_attributes
    Feature record: CXX_FEATURE:1cxx_attribute_deprecated
    Feature record: CXX_FEATURE:1cxx_auto_type
    Feature record: CXX_FEATURE:1cxx_binary_literals
    Feature record: CXX_FEATURE:1cxx_constexpr
    Feature record: CXX_FEATURE:1cxx_contextual_conversions
    Feature record: CXX_FEATURE:1cxx_decltype
    Feature record: CXX_FEATURE:1cxx_decltype_auto
    Feature record: CXX_FEATURE:1cxx_decltype_incomplete_return_types
    Feature record: CXX_FEATURE:1cxx_default_function_template_args
    Feature record: CXX_FEATURE:1cxx_defaulted_functions
    Feature record: CXX_FEATURE:1cxx_defaulted_move_initializers
    Feature record: CXX_FEATURE:1cxx_delegating_constructors
    Feature record: CXX_FEATURE:1cxx_deleted_functions
    Feature record: CXX_FEATURE:1cxx_digit_separators
    Feature record: CXX_FEATURE:1cxx_enum_forward_declarations
    Feature record: CXX_FEATURE:1cxx_explicit_conversions
    Feature record: CXX_FEATURE:1cxx_extended_friend_declarations
    Feature record: CXX_FEATURE:1cxx_extern_templates
    Feature record: CXX_FEATURE:1cxx_final
    Feature record: CXX_FEATURE:1cxx_func_identifier
    Feature record: CXX_FEATURE:1cxx_generalized_initializers
    Feature record: CXX_FEATURE:1cxx_generic_lambdas
    Feature record: CXX_FEATURE:1cxx_inheriting_constructors
    Feature record: CXX_FEATURE:1cxx_inline_namespaces
    Feature record: CXX_FEATURE:1cxx_lambdas
    Feature record: CXX_FEATURE:1cxx_lambda_init_captures
    Feature record: CXX_FEATURE:1cxx_local_type_template_args
    Feature record: CXX_FEATURE:1cxx_long_long_type
    Feature record: CXX_FEATURE:1cxx_noexcept
    Feature record: CXX_FEATURE:1cxx_nonstatic_member_init
    Feature record: CXX_FEATURE:1cxx_nullptr
    Feature record: CXX_FEATURE:1cxx_override
    Feature record: CXX_FEATURE:1cxx_range_for
    Feature record: CXX_FEATURE:1cxx_raw_string_literals
    Feature record: CXX_FEATURE:1cxx_reference_qualified_functions
    Feature record: CXX_FEATURE:1cxx_relaxed_constexpr
    Feature record: CXX_FEATURE:1cxx_return_type_deduction
    Feature record: CXX_FEATURE:1cxx_right_angle_brackets
    Feature record: CXX_FEATURE:1cxx_rvalue_references
    Feature record: CXX_FEATURE:1cxx_sizeof_member
    Feature record: CXX_FEATURE:1cxx_static_assert
    Feature record: CXX_FEATURE:1cxx_strong_enums
    Feature record: CXX_FEATURE:1cxx_template_template_parameters
    Feature record: CXX_FEATURE:1cxx_thread_local
    Feature record: CXX_FEATURE:1cxx_trailing_return_types
    Feature record: CXX_FEATURE:1cxx_unicode_literals
    Feature record: CXX_FEATURE:1cxx_uniform_initialization
    Feature record: CXX_FEATURE:1cxx_unrestricted_unions
    Feature record: CXX_FEATURE:1cxx_user_literals
    Feature record: CXX_FEATURE:1cxx_variable_templates
    Feature record: CXX_FEATURE:1cxx_variadic_macros
    Feature record: CXX_FEATURE:1cxx_variadic_templates


Detecting CXX [-std=c++14] compiler features compiled with the following output:
Change Dir: /run/build/pythonqt/CMakeFiles/CMakeTmp

Run Build Command:"/usr/bin/make" "cmTC_4d303/fast"
/usr/bin/make -f CMakeFiles/cmTC_4d303.dir/build.make CMakeFiles/cmTC_4d303.dir/build
make[1]: Entering directory '/run/build/pythonqt/CMakeFiles/CMakeTmp'
Building CXX object CMakeFiles/cmTC_4d303.dir/feature_tests.cxx.o
/usr/bin/c++    -march=x86-64 -mtune=generic -O2 -g -pipe -Wp,-D_FORTIFY_SOURCE=2 -Wp,-D_GLIBCXX_ASSERTIONS -fexceptions -fstack-protector-strong -grecord-gcc-switches -fasynchronous-unwind-tables -fstack-clash-protection -fcf-protection    -std=c++14 -o CMakeFiles/cmTC_4d303.dir/feature_tests.cxx.o -c /run/build/pythonqt/CMakeFiles/feature_tests.cxx
Linking CXX executable cmTC_4d303
/usr/bin/cmake -E cmake_link_script CMakeFiles/cmTC_4d303.dir/link.txt --verbose=1
/usr/bin/c++  -march=x86-64 -mtune=generic -O2 -g -pipe -Wp,-D_FORTIFY_SOURCE=2 -Wp,-D_GLIBCXX_ASSERTIONS -fexceptions -fstack-protector-strong -grecord-gcc-switches -fasynchronous-unwind-tables -fstack-clash-protection -fcf-protection   -L/app/lib -Wl,-z,relro,-z,now -Wl,--as-needed  -rdynamic CMakeFiles/cmTC_4d303.dir/feature_tests.cxx.o  -o cmTC_4d303 
make[1]: Leaving directory '/run/build/pythonqt/CMakeFiles/CMakeTmp'


    Feature record: CXX_FEATURE:1cxx_aggregate_default_initializers
    Feature record: CXX_FEATURE:1cxx_alias_templates
    Feature record: CXX_FEATURE:1cxx_alignas
    Feature record: CXX_FEATURE:1cxx_alignof
    Feature record: CXX_FEATURE:1cxx_attributes
    Feature record: CXX_FEATURE:1cxx_attribute_deprecated
    Feature record: CXX_FEATURE:1cxx_auto_type
    Feature record: CXX_FEATURE:1cxx_binary_literals
    Feature record: CXX_FEATURE:1cxx_constexpr
    Feature record: CXX_FEATURE:1cxx_contextual_conversions
    Feature record: CXX_FEATURE:1cxx_decltype
    Feature record: CXX_FEATURE:1cxx_decltype_auto
    Feature record: CXX_FEATURE:1cxx_decltype_incomplete_return_types
    Feature record: CXX_FEATURE:1cxx_default_function_template_args
    Feature record: CXX_FEATURE:1cxx_defaulted_functions
    Feature record: CXX_FEATURE:1cxx_defaulted_move_initializers
    Feature record: CXX_FEATURE:1cxx_delegating_constructors
    Feature record: CXX_FEATURE:1cxx_deleted_functions
    Feature record: CXX_FEATURE:1cxx_digit_separators
    Feature record: CXX_FEATURE:1cxx_enum_forward_declarations
    Feature record: CXX_FEATURE:1cxx_explicit_conversions
    Feature record: CXX_FEATURE:1cxx_extended_friend_declarations
    Feature record: CXX_FEATURE:1cxx_extern_templates
    Feature record: CXX_FEATURE:1cxx_final
    Feature record: CXX_FEATURE:1cxx_func_identifier
    Feature record: CXX_FEATURE:1cxx_generalized_initializers
    Feature record: CXX_FEATURE:1cxx_generic_lambdas
    Feature record: CXX_FEATURE:1cxx_inheriting_constructors
    Feature record: CXX_FEATURE:1cxx_inline_namespaces
    Feature record: CXX_FEATURE:1cxx_lambdas
    Feature record: CXX_FEATURE:1cxx_lambda_init_captures
    Feature record: CXX_FEATURE:1cxx_local_type_template_args
    Feature record: CXX_FEATURE:1cxx_long_long_type
    Feature record: CXX_FEATURE:1cxx_noexcept
    Feature record: CXX_FEATURE:1cxx_nonstatic_member_init
    Feature record: CXX_FEATURE:1cxx_nullptr
    Feature record: CXX_FEATURE:1cxx_override
    Feature record: CXX_FEATURE:1cxx_range_for
    Feature record: CXX_FEATURE:1cxx_raw_string_literals
    Feature record: CXX_FEATURE:1cxx_reference_qualified_functions
    Feature record: CXX_FEATURE:1cxx_relaxed_constexpr
    Feature record: CXX_FEATURE:1cxx_return_type_deduction
    Feature record: CXX_FEATURE:1cxx_right_angle_brackets
    Feature record: CXX_FEATURE:1cxx_rvalue_references
    Feature record: CXX_FEATURE:1cxx_sizeof_member
    Feature record: CXX_FEATURE:1cxx_static_assert
    Feature record: CXX_FEATURE:1cxx_strong_enums
    Feature record: CXX_FEATURE:1cxx_template_template_parameters
    Feature record: CXX_FEATURE:1cxx_thread_local
    Feature record: CXX_FEATURE:1cxx_trailing_return_types
    Feature record: CXX_FEATURE:1cxx_unicode_literals
    Feature record: CXX_FEATURE:1cxx_uniform_initialization
    Feature record: CXX_FEATURE:1cxx_unrestricted_unions
    Feature record: CXX_FEATURE:1cxx_user_literals
    Feature record: CXX_FEATURE:1cxx_variable_templates
    Feature record: CXX_FEATURE:1cxx_variadic_macros
    Feature record: CXX_FEATURE:1cxx_variadic_templates


Detecting CXX [-std=c++11] compiler features compiled with the following output:
Change Dir: /run/build/pythonqt/CMakeFiles/CMakeTmp

Run Build Command:"/usr/bin/make" "cmTC_c5e14/fast"
/usr/bin/make -f CMakeFiles/cmTC_c5e14.dir/build.make CMakeFiles/cmTC_c5e14.dir/build
make[1]: Entering directory '/run/build/pythonqt/CMakeFiles/CMakeTmp'
Building CXX object CMakeFiles/cmTC_c5e14.dir/feature_tests.cxx.o
/usr/bin/c++    -march=x86-64 -mtune=generic -O2 -g -pipe -Wp,-D_FORTIFY_SOURCE=2 -Wp,-D_GLIBCXX_ASSERTIONS -fexceptions -fstack-protector-strong -grecord-gcc-switches -fasynchronous-unwind-tables -fstack-clash-protection -fcf-protection    -std=c++11 -o CMakeFiles/cmTC_c5e14.dir/feature_tests.cxx.o -c /run/build/pythonqt/CMakeFiles/feature_tests.cxx
Linking CXX executable cmTC_c5e14
/usr/bin/cmake -E cmake_link_script CMakeFiles/cmTC_c5e14.dir/link.txt --verbose=1
/usr/bin/c++  -march=x86-64 -mtune=generic -O2 -g -pipe -Wp,-D_FORTIFY_SOURCE=2 -Wp,-D_GLIBCXX_ASSERTIONS -fexceptions -fstack-protector-strong -grecord-gcc-switches -fasynchronous-unwind-tables -fstack-clash-protection -fcf-protection   -L/app/lib -Wl,-z,relro,-z,now -Wl,--as-needed  -rdynamic CMakeFiles/cmTC_c5e14.dir/feature_tests.cxx.o  -o cmTC_c5e14 
make[1]: Leaving directory '/run/build/pythonqt/CMakeFiles/CMakeTmp'


    Feature record: CXX_FEATURE:0cxx_aggregate_default_initializers
    Feature record: CXX_FEATURE:1cxx_alias_templates
    Feature record: CXX_FEATURE:1cxx_alignas
    Feature record: CXX_FEATURE:1cxx_alignof
    Feature record: CXX_FEATURE:1cxx_attributes
    Feature record: CXX_FEATURE:0cxx_attribute_deprecated
    Feature record: CXX_FEATURE:1cxx_auto_type
    Feature record: CXX_FEATURE:0cxx_binary_literals
    Feature record: CXX_FEATURE:1cxx_constexpr
    Feature record: CXX_FEATURE:0cxx_contextual_conversions
    Feature record: CXX_FEATURE:1cxx_decltype
    Feature record: CXX_FEATURE:0cxx_decltype_auto
    Feature record: CXX_FEATURE:1cxx_decltype_incomplete_return_types
    Feature record: CXX_FEATURE:1cxx_default_function_template_args
    Feature record: CXX_FEATURE:1cxx_defaulted_functions
    Feature record: CXX_FEATURE:1cxx_defaulted_move_initializers
    Feature record: CXX_FEATURE:1cxx_delegating_constructors
    Feature record: CXX_FEATURE:1cxx_deleted_functions
    Feature record: CXX_FEATURE:0cxx_digit_separators
    Feature record: CXX_FEATURE:1cxx_enum_forward_declarations
    Feature record: CXX_FEATURE:1cxx_explicit_conversions
    Feature record: CXX_FEATURE:1cxx_extended_friend_declarations
    Feature record: CXX_FEATURE:1cxx_extern_templates
    Feature record: CXX_FEATURE:1cxx_final
    Feature record: CXX_FEATURE:1cxx_func_identifier
    Feature record: CXX_FEATURE:1cxx_generalized_initializers
    Feature record: CXX_FEATURE:0cxx_generic_lambdas
    Feature record: CXX_FEATURE:1cxx_inheriting_constructors
    Feature record: CXX_FEATURE:1cxx_inline_namespaces
    Feature record: CXX_FEATURE:1cxx_lambdas
    Feature record: CXX_FEATURE:0cxx_lambda_init_captures
    Feature record: CXX_FEATURE:1cxx_local_type_template_args
    Feature record: CXX_FEATURE:1cxx_long_long_type
    Feature record: CXX_FEATURE:1cxx_noexcept
    Feature record: CXX_FEATURE:1cxx_nonstatic_member_init
    Feature record: CXX_FEATURE:1cxx_nullptr
    Feature record: CXX_FEATURE:1cxx_override
    Feature record: CXX_FEATURE:1cxx_range_for
    Feature record: CXX_FEATURE:1cxx_raw_string_literals
    Feature record: CXX_FEATURE:1cxx_reference_qualified_functions
    Feature record: CXX_FEATURE:0cxx_relaxed_constexpr
    Feature record: CXX_FEATURE:0cxx_return_type_deduction
    Feature record: CXX_FEATURE:1cxx_right_angle_brackets
    Feature record: CXX_FEATURE:1cxx_rvalue_references
    Feature record: CXX_FEATURE:1cxx_sizeof_member
    Feature record: CXX_FEATURE:1cxx_static_assert
    Feature record: CXX_FEATURE:1cxx_strong_enums
    Feature record: CXX_FEATURE:1cxx_template_template_parameters
    Feature record: CXX_FEATURE:1cxx_thread_local
    Feature record: CXX_FEATURE:1cxx_trailing_return_types
    Feature record: CXX_FEATURE:1cxx_unicode_literals
    Feature record: CXX_FEATURE:1cxx_uniform_initialization
    Feature record: CXX_FEATURE:1cxx_unrestricted_unions
    Feature record: CXX_FEATURE:1cxx_user_literals
    Feature record: CXX_FEATURE:0cxx_variable_templates
    Feature record: CXX_FEATURE:1cxx_variadic_macros
    Feature record: CXX_FEATURE:1cxx_variadic_templates


Detecting CXX [-std=c++98] compiler features compiled with the following output:
Change Dir: /run/build/pythonqt/CMakeFiles/CMakeTmp

Run Build Command:"/usr/bin/make" "cmTC_462d9/fast"
/usr/bin/make -f CMakeFiles/cmTC_462d9.dir/build.make CMakeFiles/cmTC_462d9.dir/build
make[1]: Entering directory '/run/build/pythonqt/CMakeFiles/CMakeTmp'
Building CXX object CMakeFiles/cmTC_462d9.dir/feature_tests.cxx.o
/usr/bin/c++    -march=x86-64 -mtune=generic -O2 -g -pipe -Wp,-D_FORTIFY_SOURCE=2 -Wp,-D_GLIBCXX_ASSERTIONS -fexceptions -fstack-protector-strong -grecord-gcc-switches -fasynchronous-unwind-tables -fstack-clash-protection -fcf-protection    -std=c++98 -o CMakeFiles/cmTC_462d9.dir/feature_tests.cxx.o -c /run/build/pythonqt/CMakeFiles/feature_tests.cxx
Linking CXX executable cmTC_462d9
/usr/bin/cmake -E cmake_link_script CMakeFiles/cmTC_462d9.dir/link.txt --verbose=1
/usr/bin/c++  -march=x86-64 -mtune=generic -O2 -g -pipe -Wp,-D_FORTIFY_SOURCE=2 -Wp,-D_GLIBCXX_ASSERTIONS -fexceptions -fstack-protector-strong -grecord-gcc-switches -fasynchronous-unwind-tables -fstack-clash-protection -fcf-protection   -L/app/lib -Wl,-z,relro,-z,now -Wl,--as-needed  -rdynamic CMakeFiles/cmTC_462d9.dir/feature_tests.cxx.o  -o cmTC_462d9 
make[1]: Leaving directory '/run/build/pythonqt/CMakeFiles/CMakeTmp'


    Feature record: CXX_FEATURE:0cxx_aggregate_default_initializers
    Feature record: CXX_FEATURE:0cxx_alias_templates
    Feature record: CXX_FEATURE:0cxx_alignas
    Feature record: CXX_FEATURE:0cxx_alignof
    Feature record: CXX_FEATURE:0cxx_attributes
    Feature record: CXX_FEATURE:0cxx_attribute_deprecated
    Feature record: CXX_FEATURE:0cxx_auto_type
    Feature record: CXX_FEATURE:0cxx_binary_literals
    Feature record: CXX_FEATURE:0cxx_constexpr
    Feature record: CXX_FEATURE:0cxx_contextual_conversions
    Feature record: CXX_FEATURE:0cxx_decltype
    Feature record: CXX_FEATURE:0cxx_decltype_auto
    Feature record: CXX_FEATURE:0cxx_decltype_incomplete_return_types
    Feature record: CXX_FEATURE:0cxx_default_function_template_args
    Feature record: CXX_FEATURE:0cxx_defaulted_functions
    Feature record: CXX_FEATURE:0cxx_defaulted_move_initializers
    Feature record: CXX_FEATURE:0cxx_delegating_constructors
    Feature record: CXX_FEATURE:0cxx_deleted_functions
    Feature record: CXX_FEATURE:0cxx_digit_separators
    Feature record: CXX_FEATURE:0cxx_enum_forward_declarations
    Feature record: CXX_FEATURE:0cxx_explicit_conversions
    Feature record: CXX_FEATURE:0cxx_extended_friend_declarations
    Feature record: CXX_FEATURE:0cxx_extern_templates
    Feature record: CXX_FEATURE:0cxx_final
    Feature record: CXX_FEATURE:0cxx_func_identifier
    Feature record: CXX_FEATURE:0cxx_generalized_initializers
    Feature record: CXX_FEATURE:0cxx_generic_lambdas
    Feature record: CXX_FEATURE:0cxx_inheriting_constructors
    Feature record: CXX_FEATURE:0cxx_inline_namespaces
    Feature record: CXX_FEATURE:0cxx_lambdas
    Feature record: CXX_FEATURE:0cxx_lambda_init_captures
    Feature record: CXX_FEATURE:0cxx_local_type_template_args
    Feature record: CXX_FEATURE:0cxx_long_long_type
    Feature record: CXX_FEATURE:0cxx_noexcept
    Feature record: CXX_FEATURE:0cxx_nonstatic_member_init
    Feature record: CXX_FEATURE:0cxx_nullptr
    Feature record: CXX_FEATURE:0cxx_override
    Feature record: CXX_FEATURE:0cxx_range_for
    Feature record: CXX_FEATURE:0cxx_raw_string_literals
    Feature record: CXX_FEATURE:0cxx_reference_qualified_functions
    Feature record: CXX_FEATURE:0cxx_relaxed_constexpr
    Feature record: CXX_FEATURE:0cxx_return_type_deduction
    Feature record: CXX_FEATURE:0cxx_right_angle_brackets
    Feature record: CXX_FEATURE:0cxx_rvalue_references
    Feature record: CXX_FEATURE:0cxx_sizeof_member
    Feature record: CXX_FEATURE:0cxx_static_assert
    Feature record: CXX_FEATURE:0cxx_strong_enums
    Feature record: CXX_FEATURE:1cxx_template_template_parameters
    Feature record: CXX_FEATURE:0cxx_thread_local
    Feature record: CXX_FEATURE:0cxx_trailing_return_types
    Feature record: CXX_FEATURE:0cxx_unicode_literals
    Feature record: CXX_FEATURE:0cxx_uniform_initialization
    Feature record: CXX_FEATURE:0cxx_unrestricted_unions
    Feature record: CXX_FEATURE:0cxx_user_literals
    Feature record: CXX_FEATURE:0cxx_variable_templates
    Feature record: CXX_FEATURE:0cxx_variadic_macros
    Feature record: CXX_FEATURE:0cxx_variadic_templates
Determining if the Q_WS_X11 exist passed with the following output:
Change Dir: /run/build/pythonqt/CMakeFiles/CMakeTmp

Run Build Command:"/usr/bin/make" "cmTC_c27f7/fast"
/usr/bin/make -f CMakeFiles/cmTC_c27f7.dir/build.make CMakeFiles/cmTC_c27f7.dir/build
make[1]: Entering directory '/run/build/pythonqt/CMakeFiles/CMakeTmp'
Building CXX object CMakeFiles/cmTC_c27f7.dir/CheckSymbolExists.cxx.o
/usr/bin/c++   -I/app/include  -march=x86-64 -mtune=generic -O2 -g -pipe -Wp,-D_FORTIFY_SOURCE=2 -Wp,-D_GLIBCXX_ASSERTIONS -fexceptions -fstack-protector-strong -grecord-gcc-switches -fasynchronous-unwind-tables -fstack-clash-protection -fcf-protection    -o CMakeFiles/cmTC_c27f7.dir/CheckSymbolExists.cxx.o -c /run/build/pythonqt/CMakeFiles/CMakeTmp/CheckSymbolExists.cxx
Linking CXX executable cmTC_c27f7
/usr/bin/cmake -E cmake_link_script CMakeFiles/cmTC_c27f7.dir/link.txt --verbose=1
/usr/bin/c++  -march=x86-64 -mtune=generic -O2 -g -pipe -Wp,-D_FORTIFY_SOURCE=2 -Wp,-D_GLIBCXX_ASSERTIONS -fexceptions -fstack-protector-strong -grecord-gcc-switches -fasynchronous-unwind-tables -fstack-clash-protection -fcf-protection   -L/app/lib -Wl,-z,relro,-z,now -Wl,--as-needed  -rdynamic CMakeFiles/cmTC_c27f7.dir/CheckSymbolExists.cxx.o  -o cmTC_c27f7 
make[1]: Leaving directory '/run/build/pythonqt/CMakeFiles/CMakeTmp'

File /run/build/pythonqt/CMakeFiles/CMakeTmp/CheckSymbolExists.cxx:
/* */
#include <QtCore/qglobal.h>

int main(int argc, char** argv)
{
  (void)argv;
#ifndef Q_WS_X11
  return ((int*)(&Q_WS_X11))[argc];
#else
  (void)argc;
  return 0;
#endif
}

